{"total": {"lines":{"total":13,"covered":10,"skipped":0,"pct":76.92},"statements":{"total":13,"covered":10,"skipped":0,"pct":76.92},"functions":{"total":6,"covered":4,"skipped":0,"pct":66.66},"branches":{"total":6,"covered":6,"skipped":0,"pct":100},"branchesTrue":{"total":0,"covered":0,"skipped":0,"pct":100}}
,"/home/marcos/Área-de-Trabalho/DeadByDaylight/DeadByDaylightLand/back-end/src/api/controllers/SurvivorController.ts": {"lines":{"total":3,"covered":0,"skipped":0,"pct":0},"functions":{"total":2,"covered":0,"skipped":0,"pct":0},"statements":{"total":3,"covered":0,"skipped":0,"pct":0},"branches":{"total":0,"covered":0,"skipped":0,"pct":100}}
,"/home/marcos/Área-de-Trabalho/DeadByDaylight/DeadByDaylightLand/back-end/src/api/services/SurvivorService.ts": {"lines":{"total":10,"covered":10,"skipped":0,"pct":100},"functions":{"total":4,"covered":4,"skipped":0,"pct":100},"statements":{"total":10,"covered":10,"skipped":0,"pct":100},"branches":{"total":6,"covered":6,"skipped":0,"pct":100}}
}
