TN:
SF:src/api/controllers/SurvivorController.ts
FN:7,(anonymous_0)
FN:11,(anonymous_1)
FNF:2
FNH:0
FNDA:0,(anonymous_0)
FNDA:0,(anonymous_1)
DA:8,0
DA:12,0
DA:13,0
LF:3
LH:0
BRF:0
BRH:0
end_of_record
TN:
SF:src/api/services/SurvivorService.ts
FN:6,(anonymous_8)
FN:9,(anonymous_9)
FN:13,(anonymous_11)
FN:18,(anonymous_13)
FNF:4
FNH:4
FNDA:4,(anonymous_8)
FNDA:1,(anonymous_9)
FNDA:1,(anonymous_11)
FNDA:2,(anonymous_13)
DA:2,1
DA:6,1
DA:7,4
DA:10,1
DA:14,1
DA:15,1
DA:19,2
DA:21,2
DA:22,1
DA:25,1
LF:10
LH:10
BRDA:21,0,0,1
BRDA:21,0,1,1
BRDA:21,1,0,1
BRDA:21,1,1,1
BRDA:21,2,0,2
BRDA:21,2,1,2
BRF:6
BRH:6
end_of_record
